2025-03-19 10:52:27,733 [Worker-8: Loading available Gradle versions] INFO  o.e.b.c.i.u.g.PublishedGradleVersions - Gradle version information cache is up-to-date. Trying to read.
2025-03-19 10:52:53,714 [Worker-1: Loading available Gradle versions] INFO  o.e.b.c.i.u.g.PublishedGradleVersions - Gradle version information cache is up-to-date. Trying to read.
2025-03-19 10:53:24,264 [Worker-8: Creating project "ar.edu.et32"] INFO  o.e.m.c.i.l.LifecycleMappingFactory - Using org.eclipse.m2e.jdt.JarLifecycleMapping lifecycle mapping for MavenProject: Introduccion:ar.edu.et32:0.0.1-SNAPSHOT @ C:\Users\Redes-20\Documents\GitHub\programacion_redes\ar.edu.et32\pom.xml.
2025-03-19 10:53:24,565 [Worker-8: Creating project "ar.edu.et32"] INFO  o.e.m.j.i.AbstractJavaProjectConfigurator - Adding source folder /ar.edu.et32/src/main/java
2025-03-19 10:53:24,569 [Worker-8: Creating project "ar.edu.et32"] INFO  o.e.m.j.i.AbstractJavaProjectConfigurator - Adding resource folder /ar.edu.et32/src/main/resources
2025-03-19 10:53:24,570 [Worker-8: Creating project "ar.edu.et32"] INFO  o.e.m.j.i.AbstractJavaProjectConfigurator - Adding source folder /ar.edu.et32/src/test/java
2025-03-19 10:53:24,570 [Worker-8: Creating project "ar.edu.et32"] INFO  o.e.m.j.i.AbstractJavaProjectConfigurator - Adding resource folder /ar.edu.et32/src/test/resources
2025-03-19 10:53:25,880 [Worker-7: Building] WARN  o.e.m.c.i.embedder.EclipseLogger - Using platform encoding (Cp1252 actually) to copy filtered resources, i.e. build is platform dependent!
2025-03-19 10:53:25,885 [Worker-7: Building] INFO  o.e.m.c.i.embedder.EclipseLogger - Copying 0 resource
2025-03-19 10:53:25,887 [Worker-7: Building] WARN  o.e.m.c.i.embedder.EclipseLogger - Using platform encoding (Cp1252 actually) to copy filtered resources, i.e. build is platform dependent!
2025-03-19 10:53:25,888 [Worker-7: Building] INFO  o.e.m.c.i.embedder.EclipseLogger - Copying 0 resource
2025-03-19 10:53:42,314 [Worker-9: Building] INFO  o.e.m.c.i.l.LifecycleMappingFactory - Using org.eclipse.m2e.jdt.JarLifecycleMapping lifecycle mapping for MavenProject: Introduccion:ar.edu.et32:0.0.1-SNAPSHOT @ C:\Users\Redes-20\Documents\GitHub\programacion_redes\ar.edu.et32\pom.xml.
2025-03-19 10:53:42,392 [Worker-9: Building] WARN  o.e.m.c.i.embedder.EclipseLogger - Using platform encoding (Cp1252 actually) to copy filtered resources, i.e. build is platform dependent!
2025-03-19 10:53:42,393 [Worker-9: Building] INFO  o.e.m.c.i.embedder.EclipseLogger - Copying 0 resource
2025-03-19 10:53:42,395 [Worker-9: Building] WARN  o.e.m.c.i.embedder.EclipseLogger - Using platform encoding (Cp1252 actually) to copy filtered resources, i.e. build is platform dependent!
2025-03-19 10:53:42,396 [Worker-9: Building] INFO  o.e.m.c.i.embedder.EclipseLogger - Copying 0 resource
2025-03-19 10:53:48,658 [Worker-7: Updating Maven Project] INFO  o.e.m.c.i.p.ProjectConfigurationManager - Update started
2025-03-19 10:53:48,851 [Worker-7: Updating Maven Project] INFO  o.e.m.c.i.l.LifecycleMappingFactory - Using org.eclipse.m2e.jdt.JarLifecycleMapping lifecycle mapping for MavenProject: Introduccion:ar.edu.et32:0.0.1-SNAPSHOT @ C:\Users\Redes-20\Documents\GitHub\programacion_redes\ar.edu.et32\pom.xml.
2025-03-19 10:53:48,910 [Worker-7: Updating Maven Project] INFO  o.e.m.j.i.AbstractJavaProjectConfigurator - Adding source folder /ar.edu.et32/src/main/java
2025-03-19 10:53:48,911 [Worker-7: Updating Maven Project] INFO  o.e.m.j.i.AbstractJavaProjectConfigurator - Adding resource folder /ar.edu.et32/src/main/resources
2025-03-19 10:53:48,911 [Worker-7: Updating Maven Project] INFO  o.e.m.j.i.AbstractJavaProjectConfigurator - Adding source folder /ar.edu.et32/src/test/java
2025-03-19 10:53:48,911 [Worker-7: Updating Maven Project] INFO  o.e.m.j.i.AbstractJavaProjectConfigurator - Adding resource folder /ar.edu.et32/src/test/resources
2025-03-19 10:53:49,015 [Worker-7: Updating Maven Project] INFO  o.e.m.c.i.p.ProjectConfigurationManager - Update completed for 1 poms: local refresh takes 0,00 sec, refresh facades takes 0,00 sec, update config takes 0,00 sec 
2025-03-19 10:53:49,141 [Worker-4: Building] WARN  o.e.m.c.i.embedder.EclipseLogger - Using platform encoding (Cp1252 actually) to copy filtered resources, i.e. build is platform dependent!
2025-03-19 10:53:49,143 [Worker-4: Building] INFO  o.e.m.c.i.embedder.EclipseLogger - Copying 0 resource
2025-03-19 10:53:49,145 [Worker-4: Building] WARN  o.e.m.c.i.embedder.EclipseLogger - Using platform encoding (Cp1252 actually) to copy filtered resources, i.e. build is platform dependent!
2025-03-19 10:53:49,146 [Worker-4: Building] INFO  o.e.m.c.i.embedder.EclipseLogger - Copying 0 resource
2025-03-19 10:54:14,794 [Worker-10: Building] WARN  o.e.m.c.i.embedder.EclipseLogger - Using platform encoding (Cp1252 actually) to copy filtered resources, i.e. build is platform dependent!
2025-03-19 10:54:14,803 [Worker-10: Building] INFO  o.e.m.c.i.embedder.EclipseLogger - Copying 0 resource
2025-03-19 10:54:14,806 [Worker-10: Building] WARN  o.e.m.c.i.embedder.EclipseLogger - Using platform encoding (Cp1252 actually) to copy filtered resources, i.e. build is platform dependent!
2025-03-19 10:54:14,808 [Worker-10: Building] INFO  o.e.m.c.i.embedder.EclipseLogger - Copying 0 resource
2025-03-19 10:54:15,816 [Worker-0: Building] WARN  o.e.m.c.i.embedder.EclipseLogger - Using platform encoding (Cp1252 actually) to copy filtered resources, i.e. build is platform dependent!
2025-03-19 10:54:15,817 [Worker-0: Building] INFO  o.e.m.c.i.embedder.EclipseLogger - Copying 0 resource
2025-03-19 10:54:15,818 [Worker-0: Building] WARN  o.e.m.c.i.embedder.EclipseLogger - Using platform encoding (Cp1252 actually) to copy filtered resources, i.e. build is platform dependent!
2025-03-19 10:54:15,818 [Worker-0: Building] INFO  o.e.m.c.i.embedder.EclipseLogger - Copying 0 resource
2025-03-19 10:54:51,600 [Worker-10: Launching Main] WARN  o.e.m.c.i.embedder.EclipseLogger - Using platform encoding (Cp1252 actually) to copy filtered resources, i.e. build is platform dependent!
2025-03-19 10:54:51,601 [Worker-10: Launching Main] INFO  o.e.m.c.i.embedder.EclipseLogger - Copying 0 resource
2025-03-19 10:54:51,603 [Worker-10: Launching Main] WARN  o.e.m.c.i.embedder.EclipseLogger - Using platform encoding (Cp1252 actually) to copy filtered resources, i.e. build is platform dependent!
2025-03-19 10:54:51,604 [Worker-10: Launching Main] INFO  o.e.m.c.i.embedder.EclipseLogger - Copying 0 resource
